{
  "numFailedTestSuites": 0,
  "numFailedTests": 0,
  "numPassedTestSuites": 1,
  "numPassedTests": 1,
  "numPendingTestSuites": 0,
  "numPendingTests": 0,
  "numRuntimeErrorTestSuites": 0,
  "numTodoTests": 0,
  "numTotalTestSuites": 1,
  "numTotalTests": 1,
  "openHandles": [],
  "snapshot": {
    "added": 0,
    "didUpdate": false,
    "failure": false,
    "filesAdded": 0,
    "filesRemoved": 0,
    "filesRemovedList": [],
    "filesUnmatched": 0,
    "filesUpdated": 0,
    "matched": 0,
    "total": 0,
    "unchecked": 0,
    "uncheckedKeysByFile": [],
    "unmatched": 0,
    "updated": 0
  },
  "startTime": 1762709191293,
  "success": false,
  "testResults": [
    {
      "leaks": false,
      "numFailingTests": 0,
      "numPassingTests": 1,
      "numPendingTests": 0,
      "numTodoTests": 0,
      "openHandles": [],
      "perfStats": {
        "end": 1762709193704,
        "loadTestEnvironmentEnd": 1762709191366,
        "loadTestEnvironmentStart": 1762709191324,
        "runtime": 2338,
        "setupAfterEnvEnd": 1762709191474,
        "setupAfterEnvStart": 1762709191474,
        "setupFilesEnd": 1762709191366,
        "setupFilesStart": 1762709191366,
        "slow": false,
        "start": 1762709191366
      },
      "skipped": false,
      "snapshot": {
        "added": 0,
        "fileDeleted": false,
        "matched": 0,
        "unchecked": 0,
        "uncheckedKeys": [],
        "unmatched": 0,
        "updated": 0
      },
      "testFilePath": "/home/murphy/retos/RETO_3/test/api/users_api.test.js",
      "testResults": [
        {
          "ancestorTitles": [
            "Pruebas de flujo completo - DummyJSON Users"
          ],
          "duration": 2166,
          "failing": false,
          "failureDetails": [],
          "failureMessages": [],
          "fullName": "Pruebas de flujo completo - DummyJSON Users Flujo completo para todos los usuarios",
          "invocations": 1,
          "location": null,
          "numPassingAsserts": 18,
          "retryReasons": [],
          "startAt": 1762709191531,
          "status": "passed",
          "title": "Flujo completo para todos los usuarios"
        }
      ],
      "failureMessage": null
    }
  ],
  "wasInterrupted": false
}